<?xml version="1.0" encoding="UTF-8"?>
<!-- Generated by org.testng.reporters.JUnitXMLReporter -->
<testsuite ignored="0" hostname="LAPTOP-GSAAFOHU" failures="0" tests="6" name="Default test" time="0.098" errors="0" timestamp="20 Jul 2024 15:16:18 GMT">
  <testcase classname="testng.MultipleTCExample" name="TC_01" time="0.007"/>
  <testcase classname="testng.MultipleTCExample" name="TC_04" time="0.007"/>
  <testcase classname="testng.MultipleTCExample" name="TC_05" time="0.008"/>
  <testcase classname="testng.MultipleTCExample" name="TC_06" time="0.003"/>
  <testcase classname="testng.MultipleTCExample" name="TC_02" time="0.0"/>
  <testcase classname="testng.MultipleTCExample" name="TC_07" time="0.001"/>
</testsuite> <!-- Default test -->
