<?xml version="1.0" encoding="UTF-8"?>
<!-- Generated by org.testng.reporters.JUnitXMLReporter -->
<testsuite ignored="8" hostname="LAPTOP-GSAAFOHU" failures="0" tests="1" name="Test" time="0.027" errors="0" timestamp="20 Jul 2024 16:32:27 GMT">
  <testcase classname="testng.OneTCExample" name="TestCase_01" time="0.004"/>
  <testcase classname="testng.MultipleTCExample" name="TC_02" time="0.0">
    <ignored/>
  </testcase> <!-- TC_02 -->
  <testcase classname="testng.MultipleTCExample" name="TC_01" time="0.0">
    <ignored/>
  </testcase> <!-- TC_01 -->
  <testcase classname="testng.MultipleTCExample" name="TC_06" time="0.0">
    <ignored/>
  </testcase> <!-- TC_06 -->
  <testcase classname="testng.MultipleTCExample" name="TC_05" time="0.0">
    <ignored/>
  </testcase> <!-- TC_05 -->
  <testcase classname="testng.BaseClass" name="@BeforeTest method3" time="0.0">
    <ignored/>
  </testcase> <!-- @BeforeTest method3 -->
  <testcase classname="testng.MultipleTCExample" name="TC_04" time="0.0">
    <ignored/>
  </testcase> <!-- TC_04 -->
  <testcase classname="testng.BaseClass" name="@AfterTest method4" time="0.0">
    <ignored/>
  </testcase> <!-- @AfterTest method4 -->
  <testcase classname="testng.MultipleTCExample" name="TC_07" time="0.0">
    <ignored/>
  </testcase> <!-- TC_07 -->
</testsuite> <!-- Test -->
