<?xml version="1.0" encoding="UTF-8"?>
<testng-results ignored="8" total="9" passed="1" failed="0" skipped="0">
  <reporter-output>
  </reporter-output>
  <suite started-at="2024-07-20T16:32:27Z" name="Suite" finished-at="2024-07-20T16:32:27Z" duration-ms="27">
    <groups>
      <group name="regression">
        <method signature="OneTCExample.TestCase_01()[pri:0, instance:testng.OneTCExample@3e6104fc]" name="TestCase_01" class="testng.OneTCExample"/>
      </group> <!-- regression -->
      <group name="sanity">
        <method signature="OneTCExample.TestCase_01()[pri:0, instance:testng.OneTCExample@3e6104fc]" name="TestCase_01" class="testng.OneTCExample"/>
      </group> <!-- sanity -->
    </groups>
    <test started-at="2024-07-20T16:32:27Z" name="Test" finished-at="2024-07-20T16:32:27Z" duration-ms="27">
      <class name="testng.OneTCExample">
        <test-method is-config="true" signature="method3()[pri:0, instance:testng.OneTCExample@3e6104fc]" started-at="2024-07-20T16:32:27Z" name="method3" finished-at="2024-07-20T16:32:27Z" duration-ms="7" status="PASS">
          <reporter-output>
          </reporter-output>
        </test-method> <!-- method3 -->
        <test-method signature="TestCase_01()[pri:0, instance:testng.OneTCExample@3e6104fc]" started-at="2024-07-20T16:32:27Z" name="TestCase_01" finished-at="2024-07-20T16:32:27Z" duration-ms="4" status="PASS">
          <reporter-output>
          </reporter-output>
        </test-method> <!-- TestCase_01 -->
        <test-method is-config="true" signature="method1()[pri:0, instance:testng.OneTCExample@3e6104fc]" started-at="2024-07-20T16:32:27Z" name="method1" finished-at="2024-07-20T16:32:27Z" duration-ms="0" status="PASS">
          <reporter-output>
          </reporter-output>
        </test-method> <!-- method1 -->
        <test-method is-config="true" signature="method2()[pri:0, instance:testng.OneTCExample@3e6104fc]" started-at="2024-07-20T16:32:27Z" name="method2" finished-at="2024-07-20T16:32:27Z" duration-ms="0" status="PASS">
          <reporter-output>
          </reporter-output>
        </test-method> <!-- method2 -->
        <test-method is-config="true" signature="method4()[pri:0, instance:testng.OneTCExample@3e6104fc]" started-at="2024-07-20T16:32:27Z" name="method4" finished-at="2024-07-20T16:32:27Z" duration-ms="1" status="PASS">
          <reporter-output>
          </reporter-output>
        </test-method> <!-- method4 -->
      </class> <!-- testng.OneTCExample -->
    </test> <!-- Test -->
  </suite> <!-- Suite -->
</testng-results>
